2022-05-26 09:51:05.386  INFO 13764 --- [main] c.v.p.f.ForecastManagerApplication       : Starting ForecastManagerApplication using Java 1.8.0_181 on TNLT2120 with PID 13764 (D:\jZk\Forecast_Manager\forecast-manager\target\classes started by mbenali in D:\jZk\Forecast_Manager\forecast-manager)
2022-05-26 09:51:05.389  INFO 13764 --- [main] c.v.p.f.ForecastManagerApplication       : No active profile set, falling back to 1 default profile: "default"
2022-05-26 09:51:06.047  INFO 13764 --- [main] .s.d.r.c.RepositoryConfigurationDelegate : Bootstrapping Spring Data JPA repositories in DEFAULT mode.
2022-05-26 09:51:06.059  INFO 13764 --- [main] .s.d.r.c.RepositoryConfigurationDelegate : Finished Spring Data repository scanning in 4 ms. Found 0 JPA repository interfaces.
2022-05-26 09:51:06.801  INFO 13764 --- [main] o.s.b.w.embedded.tomcat.TomcatWebServer  : Tomcat initialized with port(s): 7462 (http)
2022-05-26 09:51:06.811  INFO 13764 --- [main] o.apache.catalina.core.StandardService   : Starting service [Tomcat]
2022-05-26 09:51:06.811  INFO 13764 --- [main] org.apache.catalina.core.StandardEngine  : Starting Servlet engine: [Apache Tomcat/9.0.63]
2022-05-26 09:51:06.926  INFO 13764 --- [main] o.a.c.c.C.[Tomcat].[localhost].[/]       : Initializing Spring embedded WebApplicationContext
2022-05-26 09:51:06.926  INFO 13764 --- [main] w.s.c.ServletWebServerApplicationContext : Root WebApplicationContext: initialization completed in 1499 ms
2022-05-26 09:51:07.261  INFO 13764 --- [main] o.hibernate.jpa.internal.util.LogHelper  : HHH000204: Processing PersistenceUnitInfo [name: default]
2022-05-26 09:51:07.312  INFO 13764 --- [main] org.hibernate.Version                    : HHH000412: Hibernate ORM core version 5.6.9.Final
2022-05-26 09:51:07.445  INFO 13764 --- [main] o.hibernate.annotations.common.Version   : HCANN000001: Hibernate Commons Annotations {5.1.2.Final}
2022-05-26 09:51:07.541  INFO 13764 --- [main] com.zaxxer.hikari.HikariDataSource       : HikariPool-1 - Starting...
2022-05-26 09:51:07.939  INFO 13764 --- [main] com.zaxxer.hikari.HikariDataSource       : HikariPool-1 - Start completed.
2022-05-26 09:51:07.959  INFO 13764 --- [main] org.hibernate.dialect.Dialect            : HHH000400: Using dialect: org.hibernate.dialect.PostgreSQLDialect
2022-05-26 09:51:08.168  INFO 13764 --- [main] o.h.e.t.j.p.i.JtaPlatformInitiator       : HHH000490: Using JtaPlatform implementation: [org.hibernate.engine.transaction.jta.platform.internal.NoJtaPlatform]
2022-05-26 09:51:08.180  INFO 13764 --- [main] j.LocalContainerEntityManagerFactoryBean : Initialized JPA EntityManagerFactory for persistence unit 'default'
2022-05-26 09:51:08.236  WARN 13764 --- [main] JpaBaseConfiguration$JpaWebConfiguration : spring.jpa.open-in-view is enabled by default. Therefore, database queries may be performed during view rendering. Explicitly configure spring.jpa.open-in-view to disable this warning
2022-05-26 09:51:08.826  INFO 13764 --- [main] o.s.b.a.e.web.EndpointLinksResolver      : Exposing 1 endpoint(s) beneath base path '/actuator'
2022-05-26 09:51:08.856  INFO 13764 --- [main] o.s.b.w.embedded.tomcat.TomcatWebServer  : Tomcat started on port(s): 7462 (http) with context path ''
2022-05-26 09:51:08.875  INFO 13764 --- [main] c.v.p.f.ForecastManagerApplication       : Started ForecastManagerApplication in 3.813 seconds (JVM running for 4.131)
2022-05-26 09:51:12.068  INFO 13764 --- [SpringApplicationShutdownHook] j.LocalContainerEntityManagerFactoryBean : Closing JPA EntityManagerFactory for persistence unit 'default'
2022-05-26 09:51:12.068  INFO 13764 --- [SpringApplicationShutdownHook] .SchemaDropperImpl$DelayedDropActionImpl : HHH000477: Starting delayed evictData of schema as part of SessionFactory shut-down'
2022-05-26 09:51:12.071  INFO 13764 --- [SpringApplicationShutdownHook] com.zaxxer.hikari.HikariDataSource       : HikariPool-1 - Shutdown initiated...
2022-05-26 09:51:12.074  INFO 13764 --- [SpringApplicationShutdownHook] com.zaxxer.hikari.HikariDataSource       : HikariPool-1 - Shutdown completed.
